<?xml version="1.0" encoding="UTF-8"?>
<testng-results ignored="0" total="0" passed="0" failed="0" skipped="0">
  <reporter-output>
  </reporter-output>
  <suite started-at="2024-05-03T22:31:35 NZST" name="Surefire suite" finished-at="2024-05-03T22:34:12 NZST" duration-ms="156929">
    <groups>
    </groups>
    <test started-at="2024-05-03T22:31:35 NZST" name="Surefire test" finished-at="2024-05-03T22:34:12 NZST" duration-ms="156929">
    </test> <!-- Surefire test -->
  </suite> <!-- Surefire suite -->
</testng-results>
